C51 COMPILER V9.53.0.0   WIFI                                                              03/14/2017 22:46:36 PAGE 1   


C51 COMPILER V9.53.0.0, COMPILATION OF MODULE WIFI
OBJECT MODULE PLACED IN wifi.OBJ
COMPILER INVOKED BY: D:\C51\C51\BIN\C51.EXE wifi.c OPTIMIZE(8,SPEED) BROWSE DEBUG OBJECTEXTEND TABS(2)

line level    source

   1          #include <goods.h>
   2          void main()
   3          {
   4   1        char id[8] ="59681562";
   5   1        double prace = getGoodsPrace(id);
   6   1        while(1)
   7   1          led_number((int)prace);
   8   1      }


MODULE INFORMATION:   STATIC OVERLAYABLE
   CODE SIZE        =   1557    ----
   CONSTANT SIZE    =     97    ----
   XDATA SIZE       =   ----    ----
   PDATA SIZE       =     10      75
   DATA SIZE        =     14      36
   IDATA SIZE       =   ----    ----
   BIT SIZE         =   ----    ----
END OF MODULE INFORMATION.


C51 COMPILATION COMPLETE.  0 WARNING(S),  0 ERROR(S)
